<?xml version="1.0" encoding="UTF-8"?>
<!-- Generated by org.testng.reporters.JUnitReportReporter -->
<testsuite hostname="LAPTOP-BKEQF5PU" failures="0" tests="1" name="TestCases.NavigateMethod" time="14.837" errors="0" timestamp="12 Apr 2021 13:00:53 GMT" skipped="0">
  <testcase classname="TestCases.NavigateMethod" name="demo" time="14.837"/>
</testsuite> <!-- TestCases.NavigateMethod -->
