<?xml version="1.0" encoding="UTF-8"?>
<!-- Generated by org.testng.reporters.JUnitReportReporter -->
<testsuite hostname="LAPTOP-BKEQF5PU" failures="0" tests="1" name="TestCases.DropDown" time="6.029" errors="0" timestamp="13 Apr 2021 12:51:51 GMT" skipped="0">
  <testcase classname="TestCases.DropDown" name="demo" time="6.029"/>
</testsuite> <!-- TestCases.DropDown -->
