<?xml version="1.0" encoding="UTF-8"?>
<!-- Generated by org.testng.reporters.JUnitReportReporter -->
<testsuite hostname="LAPTOP-BKEQF5PU" failures="0" tests="1" name="TestCases.LoginApp" time="2.962" errors="0" timestamp="02 Apr 2021 13:26:19 GMT" skipped="0">
  <testcase classname="TestCases.LoginApp" name="loginmethod" time="2.962"/>
</testsuite> <!-- TestCases.LoginApp -->
