<?xml version="1.0" encoding="UTF-8"?>
<!-- Generated by org.testng.reporters.JUnitReportReporter -->
<testsuite hostname="LAPTOP-BKEQF5PU" failures="0" tests="1" name="TestCases.LoginApp" time="4.285" errors="0" timestamp="2021-04-06T21:46:33 IST" skipped="0">
  <testcase classname="TestCases.LoginApp" name="loginmethod" time="4.285"/>
  <system-out/>
</testsuite> <!-- TestCases.LoginApp -->
