<?xml version="1.0" encoding="UTF-8"?>
<!-- Generated by org.testng.reporters.JUnitReportReporter -->
<testsuite hostname="LAPTOP-BKEQF5PU" failures="0" tests="1" name="TestCases.FindElements" time="14.731" errors="0" timestamp="12 Apr 2021 18:54:31 GMT" skipped="0">
  <testcase classname="TestCases.FindElements" name="demo" time="14.731"/>
</testsuite> <!-- TestCases.FindElements -->
