<?xml version="1.0" encoding="UTF-8"?>
<!-- Generated by org.testng.reporters.JUnitReportReporter -->
<testsuite hostname="LAPTOP-BKEQF5PU" failures="0" tests="1" name="TestCases.IsEnabled" time="7.181" errors="0" timestamp="12 Apr 2021 12:30:54 GMT" skipped="0">
  <testcase classname="TestCases.IsEnabled" name="demo" time="7.181"/>
</testsuite> <!-- TestCases.IsEnabled -->
