<?xml version="1.0" encoding="UTF-8"?>
<!-- Generated by org.testng.reporters.JUnitReportReporter -->
<testsuite hostname="LAPTOP-BKEQF5PU" failures="0" tests="1" name="TestCases.GetAttribute" time="6.615" errors="0" timestamp="13 Apr 2021 07:14:10 GMT" skipped="0">
  <testcase classname="TestCases.GetAttribute" name="demo" time="6.615"/>
</testsuite> <!-- TestCases.GetAttribute -->
