<?xml version="1.0" encoding="UTF-8"?>
<!-- Generated by org.testng.reporters.JUnitReportReporter -->
<testsuite hostname="LAPTOP-BKEQF5PU" failures="0" tests="1" name="TestCases.CRMLogin" time="12.879" errors="0" timestamp="2021-04-03T19:34:08 IST" skipped="0">
  <testcase classname="TestCases.CRMLogin" name="loginmethod" time="12.879"/>
  <system-out/>
</testsuite> <!-- TestCases.CRMLogin -->
